Initializing document watcher...
uts/blog.json: {}
uts/create-post.html: {}
uts/contact.html: {}
uts/contact.html: {}
uts/blog.json: {}
uts/data.php: {}
uts/data.php: Using EditorConfig core...
uts/data.php: {}
uts/index.html: {}
uts/index.html: Using EditorConfig core...
uts/index.html: Using EditorConfig core...
uts/index.html: {}
uts/index.php: {}
uts/index.php: Using EditorConfig core...
uts/index.php: Using EditorConfig core...
uts/index.php: {}
uts/index.php: {}
uts/index.php: {}
uts/index.php: {}
uts/index.php: {}
uts/index.php: {}
uts/index.php: {}
uts/index.php: {}
uts/index.php: {}
uts/index.php: {}
uts/index.php: Using EditorConfig core...
uts/index.php: {}
uts/index.php: Using EditorConfig core...
uts/index.php: {}
uts/blog.json: {}
uts/index.php: {}
uts/blog.json: {}
uts/data.php: {}
uts/data.php: Using EditorConfig core...
uts/blog.json: {}
uts/blog.json: Using EditorConfig core...
uts/index.php: {}
uts/index.php: Using EditorConfig core...
uts/index.php: {}
uts/index.php: Using EditorConfig core...
uts/index.php: {}
uts/index.php: Using EditorConfig core...
uts/index.php: {}
uts/index.php: Using EditorConfig core...
uts/index.php: {}
uts/index.php: Using EditorConfig core...
uts/index.php: {}
uts/index.php: Using EditorConfig core...
uts/index.php: {}
uts/index.php: {}
uts/index.php: {}
uts/index.php: Using EditorConfig core...
uts/index.php: {}
uts/index.php: {}
uts/index.php: {}
uts/index.php: Using EditorConfig core...
uts/index.php: {}
uts/blog.json: {}
uts/blog.json: Using EditorConfig core...
uts/data.php: {}
uts/data.php: {}
uts/blog.json: {}
uts/index.php: {}
uts/index.php: {}
uts/index.php: {}
uts/index.php: {}
uts/index.php: {}
uts/index.php: {}
uts/index.php: {}
uts/index.php: Using EditorConfig core...
uts/index.php: {}
uts/index.php: Using EditorConfig core...
uts/index.php: Using EditorConfig core...
uts/index.php: Using EditorConfig core...
uts/index.php: Using EditorConfig core...
uts/index.php: Using EditorConfig core...
uts/index.php: {}
uts/index.php: {}
uts/index.php: {}
uts/blog.json: {}
uts/blog.json: Using EditorConfig core...
uts/index.php: {}
uts/blog.json: {}
uts/index.php: {}
uts/index.php: Using EditorConfig core...
uts/index.php: Using EditorConfig core...
uts/index.php: {}
uts/post.html: {}
uts/post.php: {}
uts/post.php: Using EditorConfig core...
uts/post.php: {}
uts/index.php: {}
uts/index.php: Using EditorConfig core...
uts/index.php: Using EditorConfig core...
uts/index.php: {}
uts/post.php: {}
uts/post.php: Using EditorConfig core...
uts/index.php: {}
uts/index.php: {}
uts/post.php: {}
uts/post.php: Using EditorConfig core...
uts/post.php: Using EditorConfig core...
uts/post.php: Using EditorConfig core...
uts/index.php: {}
uts/index.php: {}
uts/post.php: {}
uts/post.php: Using EditorConfig core...
uts/post.php: {}
uts/post.php: {}
uts/post.php: Using EditorConfig core...
uts/post.php: {}
uts/post.php: Using EditorConfig core...
uts/post.php: {}
uts/post.php: Using EditorConfig core...
uts/post.php: {}
uts/post.php: {}
uts/post.php: Using EditorConfig core...
uts/post.php: {}
uts/post.php: Using EditorConfig core...
uts/post.php: {}
uts/post.php: {}
uts/post.php: Using EditorConfig core...
uts/post.php: {}
uts/post.php: Using EditorConfig core...
uts/post.php: Using EditorConfig core...
uts/index.php: {}
uts/post.php: {}
uts/post.php: Using EditorConfig core...
uts/blog.json: {}
uts/blog.json: {}
uts/index.php: {}
uts/post.php: {}
uts/post.php: {}
uts/post.php: Using EditorConfig core...
uts/post.php: Using EditorConfig core...
uts/post.php: {}
uts/post.php: Using EditorConfig core...
uts/post.php: {}
uts/post.php: Using EditorConfig core...
uts/post.php: {}
uts/post.php: Using EditorConfig core...
uts/post.php: {}
uts/post.php: {}
uts/post.php: {}
uts/post.php: Using EditorConfig core...
uts/post.php: {}
uts/post.php: Using EditorConfig core...
uts/post.php: {}
uts/post.php: Using EditorConfig core...
uts/post.php: Using EditorConfig core...
uts/post.php: {}
uts/post.php: {}
uts/post.php: Using EditorConfig core...
uts/post.php: {}
uts/post.php: Using EditorConfig core...
uts/post.php: {}
uts/post.php: Using EditorConfig core...
uts/post.php: {}
uts/post.php: Using EditorConfig core...
uts/post.php: {}
uts/post.php: {}
uts/post.php: {}
uts/post.php: {}
uts/post.php: {}
uts/post.php: {}
uts/post.php: Using EditorConfig core...
uts/post.php: Using EditorConfig core...
uts/post.php: Using EditorConfig core...
uts/post.php: {}
uts/post.php: Using EditorConfig core...
uts/post.php: {}
uts/post.php: Using EditorConfig core...
uts/post.php: {}
uts/post.php: {}
uts/index.php: {}
uts/post.php: {}
uts/index.php: {}
uts/post.php: {}
uts/index.php: {}
uts/post.php: {}
uts/post.php: Using EditorConfig core...
uts/post.php: {}
uts/post.php: Using EditorConfig core...
uts/post.php: {}
uts/post.php: Using EditorConfig core...
uts/post.php: {}
uts/post.php: Using EditorConfig core...
uts/post.php: {}
uts/ss: {}
uts/ss: Using EditorConfig core...
uts/post.php: {}
uts/post.php: Using EditorConfig core...
uts/post.php: {}
uts/post.php: Using EditorConfig core...
uts/post.php: {}
uts/post.php: {}
uts/post.php: {}
uts/post.php: Using EditorConfig core...
uts/post.php: {}
uts/post.php: Using EditorConfig core...
uts/post.php: {}
uts/post.php: Using EditorConfig core...
uts/post.php: {}
uts/post.php: {}
uts/post.php: Using EditorConfig core...
uts/post.php: {}
uts/post.php: Using EditorConfig core...
uts/post.php: Using EditorConfig core...
uts/post.php: Using EditorConfig core...
uts/post.php: {}
uts/post.php: Using EditorConfig core...
uts/post.php: Using EditorConfig core...
uts/post.php: {}
uts/post.php: Using EditorConfig core...
uts/post.php: Using EditorConfig core...
uts/post.php: {}
uts/post.php: Using EditorConfig core...
uts/post.php: Using EditorConfig core...
uts/post.php: {}
uts/post.php: Using EditorConfig core...
uts/post.php: {}
uts/post.php: Using EditorConfig core...
uts/post.php: {}
uts/post.php: Using EditorConfig core...
uts/post.php: {}
uts/post.php: Using EditorConfig core...
uts/post.php: Using EditorConfig core...
uts/ss: {}
uts/post.php: {}
uts/post.php: Using EditorConfig core...
uts/post.php: {}
uts/post.php: Using EditorConfig core...
uts/post.php: Using EditorConfig core...
uts/post.php: Using EditorConfig core...
uts/post.php: {}
uts/post.php: Using EditorConfig core...
uts/post.php: Using EditorConfig core...
uts/index.php: {}
uts/index.php: Using EditorConfig core...
uts/index.php: {}
uts/post.php: {}
uts/post.php: Using EditorConfig core...
uts/post.php: {}
uts/post.php: {}
uts/post.php: Using EditorConfig core...
uts/post.php: {}
uts/post.php: Using EditorConfig core...
uts/post.php: {}
uts/post.php: Using EditorConfig core...
uts/post.php: {}
uts/index.php: {}
uts/post.php: {}
uts/post.php: Using EditorConfig core...
uts/post.php: {}
uts/post.php: Using EditorConfig core...
uts/create-post.php: {}
uts/create-post.php: {}
uts/create-post.php: {}
uts/create-post.php: Using EditorConfig core...
uts/create-post.php: {}
uts/create-post.php: Using EditorConfig core...
uts/create-post.php: {}
uts/create-post.php: Using EditorConfig core...
uts/create-post.php: Using EditorConfig core...
uts/create-post.php: {}
uts/create-post.php: {}
uts/create-post.php: {}
uts/create-post.php: {}
uts/create-post.php: {}
uts/create-post.php: {}
uts/create_data.php: {}
uts/create_data.php: Using EditorConfig core...
uts/create_data.php: Using EditorConfig core...
uts/create-post.php: {}
uts/create_data.php: {}
uts/blog.json: {}
uts/create_data.php: {}
uts/create_data.php: Using EditorConfig core...
uts/create_data.php: {}
uts/index.php: {}
uts/create_data.php: {}
uts/create_data.php: {}
uts/create_data.php: {}
uts/create_data.php: Using EditorConfig core...
uts/create_data.php: {}
uts/create_data.php: Using EditorConfig core...
uts/create_data.php: Using EditorConfig core...
uts/create-post.php: {}
uts/post.php: {}
uts/post.php: Using EditorConfig core...
uts/post.php: Using EditorConfig core...
uts/create-post.php: {}
uts/post.php: {}
uts/index.php: {}
uts/create-post.php: {}
uts/create-post.php: Using EditorConfig core...
uts/create_data.php: {}
uts/create_data.php: {}
uts/create-post.php: {}
uts/create-post.php: Using EditorConfig core...
uts/create-post.php: {}
uts/create_data.php: {}
uts/blog.json: {}
uts/create_data.php: {}
uts/create-post.php: {}
uts/create_data.php: {}
uts/create_data.php: Using EditorConfig core...
uts/create_data.php: {}
uts/blog.json: {}
uts/blog.json: {}
uts/blog.json: Using EditorConfig core...
uts/blog.json: {}
uts/blog.json: Using EditorConfig core...
uts/blog.json: {}
uts/blog.json: {}
uts/create-post.php: {}
uts/create-post.php: {}
uts/create_data.php: {}
uts/create_data.php: Using EditorConfig core...
uts/index.php: {}
uts/index.php: Using EditorConfig core...
uts/index.php: {}
uts/blog.json: {}
uts/blog.json: Using EditorConfig core...
uts/create_data.php: {}
uts/create_data.php: Using EditorConfig core...
uts/create_data.php: {}
uts/create_data.php: {}
uts/index.php: {}
uts/index.php: {}
uts/edit-post.php: {}
uts/edit-data.php: {}
uts/edit-data.php: {}
uts/edit-post.php: {}
uts/index.php: {}
uts/post.php: {}
uts/edit-post.php: {}
uts/post.php: {}
uts/edit-post.php: {}
uts/create-post.php: {}
uts/edit-post.php: {}
uts/edit-post.php: Using EditorConfig core...
uts/post.php: {}
uts/post.php: Using EditorConfig core...
uts/create-post.php: {}
uts/create-post.php: Using EditorConfig core...
uts/index.php: {}
uts/index.php: Using EditorConfig core...
uts/index.php: {}
uts/edit-post.php: {}
uts/edit-post.php: Using EditorConfig core...
uts/edit-post.php: {}
uts/edit-post.php: Using EditorConfig core...
uts/blog.json: {}
uts/blog.json: Using EditorConfig core...
uts/edit-post.php: {}
uts/edit-post.php: Using EditorConfig core...
uts/edit-post.php: Using EditorConfig core...
uts/edit-data.php: {}
uts/edit-data.php: Using EditorConfig core...
uts/update-data.php: {}
uts/create_data.php: {}
uts/update-data.php: {}
uts/update-data.php: {}
uts/update-data.php: Using EditorConfig core...
uts/update-data.php: {}
uts/update-data.php: Using EditorConfig core...
uts/index.php: {}
uts/edit-post.php: {}
uts/index.php: {}
uts/edit-post.php: {}
uts/edit-post.php: {}
uts/update-data.php: {}
uts/update-data.php: Using EditorConfig core...
uts/update-data.php: {}
uts/update-data.php: Using EditorConfig core...
uts/update-data.php: Using EditorConfig core...
uts/update-data.php: {}
uts/create-post.php: {}
uts/post.php: {}
uts/index.php: {}
uts/post.php: {}
uts/post.php: {}
uts/post.php: Using EditorConfig core...
uts/post.php: Using EditorConfig core...
uts/post.php: Using EditorConfig core...
uts/post.php: {}
uts/update-data.php: {}
uts/edit-post.php: {}
uts/edit-post.php: Using EditorConfig core...
uts/edit-post.php: {}
uts/edit-post.php: {}
uts/update-data.php: {}
uts/blog.json: {}
uts/create-post.php: {}
uts/post.php: {}
uts/update-data.php: {}
uts/edit-post.php: {}
uts/update-data.php: {}
uts/update-data.php: {}
uts/post.php: {}
uts/update-data.php: {}
uts/post.php: {}
uts/update-data.php: {}
uts/post.php: {}
uts/edit-post.php: {}
uts/update-data.php: {}
uts/update-data.php: Using EditorConfig core...
uts/update-data.php: {}
uts/update-data.php: {}
uts/update-data.php: {}
uts/update-data.php: Using EditorConfig core...
uts/update-data.php: {}
uts/update-data.php: Using EditorConfig core...
uts/update-data.php: {}
uts/blog.json: {}
uts/blog.json: {}
uts/edit-post.php: {}
uts/update-data.php: {}
uts/update-data.php: {}
uts/update-data.php: {}
uts/update-data.php: {}
uts/update-data.php: Using EditorConfig core...
uts/update-data.php: Using EditorConfig core...
uts/update-data.php: {}
uts/update-data.php: {}
uts/update-data.php: {}
uts/update-data.php: {}
uts/index.php: {}
uts/edit-post.php: {}
uts/update-data.php: {}
uts/edit-post.php: {}
uts/update-data.php: {}
uts/edit-post.php: {}
uts/update-data.php: {}
uts/update-data.php: Using EditorConfig core...
uts/update-data.php: {}
uts/update-data.php: Using EditorConfig core...
uts/update-data.php: {}
uts/update-data.php: Using EditorConfig core...
uts/update-data.php: {}
uts/update-data.php: Using EditorConfig core...
uts/update-data.php: {}
uts/update-data.php: Using EditorConfig core...
uts/update-data.php: {}
uts/update-data.php: Using EditorConfig core...
uts/update-data.php: {}
uts/index.php: {}
uts/index.php: {}
uts/index.php: Using EditorConfig core...
uts/index.php: {}
uts/edit-post.php: {}
uts/update-data.php: {}
uts/post.php: {}
uts/post.php: {}
uts/post.php: Using EditorConfig core...
uts/post.php: {}
uts/update-data.php: {}
uts/update-data.php: Using EditorConfig core...
uts/update-data.php: Using EditorConfig core...
uts/update-data.php: {}
uts/update-data.php: {}
uts/update-data.php: Using EditorConfig core...
uts/update-data.php: {}
uts/update-data.php: Using EditorConfig core...
uts/update-data.php: Using EditorConfig core...
uts/update-data.php: Using EditorConfig core...
uts/update-data.php: {}
uts/update-data.php: {}
uts/update-data.php: {}
uts/update-data.php: Using EditorConfig core...
uts/update-data.php: {}
uts/update-data.php: {}
uts/update-data.php: Using EditorConfig core...
uts/update-data.php: Using EditorConfig core...
uts/update-data.php: {}
uts/update-data.php: Using EditorConfig core...
uts/update-data.php: {}
uts/update-data.php: {}
uts/update-data.php: {}
uts/update-data.php: {}
uts/delete.php: {}
uts/edit-post.php: {}
uts/update-data.php: {}
uts/post.php: {}
uts/delete.php: {}
uts/delete-data.php: {}
uts/delete-data.php: Using EditorConfig core...
uts/update-data.php: {}
uts/delete-data.php: {}
uts/delete-data.php: {}
uts/delete-data.php: {}
uts/update-data.php: {}
uts/update-data.php: Using EditorConfig core...
uts/edit-post.php: {}
uts/index.php: {}
uts/delete-data.php: {}
uts/create-post.php: {}
uts/create_data.php: {}
uts/create_data.php: Using EditorConfig core...
uts/delete-data.php: {}
uts/delete-data.php: Using EditorConfig core...
uts/delete-data.php: {}
uts/index.php: {}
uts/delete-data.php: {}
uts/delete-data.php: Using EditorConfig core...
uts/delete-data.php: {}
uts/delete-data.php: {}
uts/delete-data.php: Using EditorConfig core...
uts/edit-post.php: {}
uts/delete-data.php: {}
uts/delete-data.php: Using EditorConfig core...
uts/delete-data.php: {}
uts/delete-data.php: {}
uts/blog.json: {}
uts/blog.json: Using EditorConfig core...
