[Info  - 3:23:36 PM] Initialising intelephense 1.3.11
[Info  - 3:23:36 PM] Initialised in 9 ms
[Info  - 3:23:36 PM] Indexing started.
[Info  - 3:23:37 PM] Indexing ended. 98 files indexed in 1s.
[Info  - 3:23:37 PM] Writing state to /opt/lampp/htdocs/uts/~/.vscode-root/User/workspaceStorage/4da9f1b1760f9267d9acd9eff7d3fd09/bmewburn.vscode-intelephense-client/23c558dd.
[Info  - 3:23:38 PM] Wrote state in 0.2s.
[Info  - 3:23:46 PM] Indexing started.
[Info  - 3:23:46 PM] Indexing ended. 1 files indexed in 0s.
[Info  - 3:26:21 PM] Indexing started.
[Info  - 3:26:21 PM] Indexing ended. 1 files indexed in 0s.
[Info  - 3:27:14 PM] Indexing started.
[Info  - 3:27:14 PM] Indexing ended. 1 files indexed in 0s.
[Info  - 3:27:20 PM] Indexing started.
[Info  - 3:27:21 PM] Indexing ended. 1 files indexed in 0s.
[Warn  - 3:30:32 PM] Format aborted. Parse error found.
[Info  - 3:32:55 PM] Indexing started.
[Info  - 3:32:55 PM] Indexing ended. 1 files indexed in 0s.
[Info  - 3:33:25 PM] Indexing started.
[Info  - 3:33:25 PM] Indexing ended. 1 files indexed in 0s.
[Info  - 3:33:45 PM] Indexing started.
[Info  - 3:33:45 PM] Indexing ended. 1 files indexed in 0s.
[Info  - 3:33:53 PM] Indexing started.
[Info  - 3:33:53 PM] Indexing ended. 1 files indexed in 0s.
[Info  - 3:34:42 PM] Indexing started.
[Info  - 3:34:42 PM] Indexing ended. 1 files indexed in 0s.
[Info  - 3:34:52 PM] Indexing started.
[Info  - 3:34:52 PM] Indexing ended. 1 files indexed in 0s.
[Info  - 3:34:59 PM] Indexing started.
[Info  - 3:34:59 PM] Indexing ended. 1 files indexed in 0s.
[Info  - 3:35:11 PM] Indexing started.
[Info  - 3:35:12 PM] Indexing ended. 1 files indexed in 0s.
[Info  - 3:35:17 PM] Indexing started.
[Info  - 3:35:17 PM] Indexing ended. 1 files indexed in 0s.
[Info  - 3:36:35 PM] Indexing started.
[Info  - 3:36:35 PM] Indexing ended. 1 files indexed in 0s.
[Info  - 3:38:54 PM] Indexing started.
[Info  - 3:38:54 PM] Indexing ended. 1 files indexed in 0s.
[Info  - 3:41:26 PM] Indexing started.
[Info  - 3:41:27 PM] Indexing ended. 1 files indexed in 0s.
[Info  - 3:43:09 PM] Indexing started.
[Info  - 3:43:09 PM] Indexing ended. 1 files indexed in 0s.
[Info  - 3:43:27 PM] Indexing started.
[Info  - 3:43:28 PM] Indexing ended. 1 files indexed in 0s.
[Info  - 3:43:39 PM] Indexing started.
[Info  - 3:43:39 PM] Indexing ended. 1 files indexed in 0s.
[Info  - 3:43:55 PM] Indexing started.
[Info  - 3:43:55 PM] Indexing ended. 1 files indexed in 0s.
[Info  - 3:44:00 PM] Indexing started.
[Info  - 3:44:01 PM] Indexing ended. 1 files indexed in 0s.
[Info  - 3:44:36 PM] Indexing started.
[Info  - 3:44:36 PM] Indexing ended. 1 files indexed in 0s.
[Info  - 3:45:16 PM] Indexing started.
[Info  - 3:45:16 PM] Indexing ended. 1 files indexed in 0s.
[Info  - 3:45:26 PM] Indexing started.
[Info  - 3:45:27 PM] Indexing ended. 1 files indexed in 0s.
[Info  - 3:47:13 PM] Indexing started.
[Info  - 3:47:13 PM] Indexing ended. 1 files indexed in 0s.
[Info  - 3:47:35 PM] Indexing started.
[Info  - 3:47:35 PM] Indexing ended. 1 files indexed in 0s.
[Info  - 3:47:43 PM] Indexing started.
[Info  - 3:47:44 PM] Indexing ended. 1 files indexed in 0s.
[Info  - 3:47:46 PM] Indexing started.
[Info  - 3:47:47 PM] Indexing ended. 1 files indexed in 0s.
[Info  - 3:48:29 PM] Indexing started.
[Info  - 3:48:29 PM] Indexing ended. 1 files indexed in 0s.
[Info  - 3:48:47 PM] Indexing started.
[Info  - 3:48:47 PM] Indexing ended. 1 files indexed in 0s.
[Info  - 3:49:10 PM] Indexing started.
[Info  - 3:49:11 PM] Indexing ended. 1 files indexed in 0s.
[Info  - 3:49:13 PM] Indexing started.
[Info  - 3:49:13 PM] Indexing ended. 1 files indexed in 0s.
[Info  - 3:52:07 PM] Indexing started.
[Info  - 3:52:07 PM] Indexing ended. 1 files indexed in 0s.
[Info  - 3:52:24 PM] Indexing started.
[Info  - 3:52:24 PM] Indexing ended. 1 files indexed in 0s.
[Info  - 3:52:35 PM] Indexing started.
[Info  - 3:52:35 PM] Indexing ended. 1 files indexed in 0s.
[Info  - 3:53:06 PM] Indexing started.
[Info  - 3:53:07 PM] Indexing ended. 1 files indexed in 0s.
[Info  - 3:53:18 PM] Indexing started.
[Info  - 3:53:18 PM] Indexing ended. 1 files indexed in 0s.
[Info  - 3:53:33 PM] Indexing started.
[Info  - 3:53:33 PM] Indexing ended. 1 files indexed in 0s.
[Info  - 3:53:54 PM] Indexing started.
[Info  - 3:53:54 PM] Indexing ended. 1 files indexed in 0s.
[Info  - 3:53:59 PM] Indexing started.
[Info  - 3:53:59 PM] Indexing ended. 1 files indexed in 0s.
[Info  - 3:54:02 PM] Indexing started.
[Info  - 3:54:03 PM] Indexing ended. 1 files indexed in 0s.
[Info  - 3:54:44 PM] Indexing started.
[Info  - 3:54:44 PM] Indexing ended. 1 files indexed in 0s.
[Info  - 4:02:44 PM] Indexing started.
[Info  - 4:02:45 PM] Indexing ended. 1 files indexed in 0s.
[Info  - 4:02:50 PM] Indexing started.
[Info  - 4:02:51 PM] Indexing ended. 1 files indexed in 0s.
[Info  - 4:03:20 PM] Indexing started.
[Info  - 4:03:21 PM] Indexing ended. 1 files indexed in 0s.
[Info  - 4:03:39 PM] Indexing started.
[Info  - 4:03:39 PM] Indexing ended. 1 files indexed in 0s.
[Info  - 4:03:44 PM] Indexing started.
[Info  - 4:03:45 PM] Indexing ended. 1 files indexed in 0s.
[Info  - 4:11:36 PM] Indexing started.
[Info  - 4:11:36 PM] Indexing ended. 1 files indexed in 0s.
[Info  - 4:11:56 PM] Indexing started.
[Info  - 4:11:56 PM] Indexing ended. 1 files indexed in 0s.
[Info  - 4:12:05 PM] Indexing started.
[Info  - 4:12:06 PM] Indexing ended. 1 files indexed in 0s.
[Info  - 4:12:24 PM] Indexing started.
[Info  - 4:12:25 PM] Indexing ended. 1 files indexed in 0s.
[Info  - 4:12:39 PM] Indexing started.
[Info  - 4:12:39 PM] Indexing ended. 1 files indexed in 0s.
[Info  - 4:12:45 PM] Indexing started.
[Info  - 4:12:46 PM] Indexing ended. 1 files indexed in 0s.
[Info  - 4:12:54 PM] Indexing started.
[Info  - 4:12:54 PM] Indexing ended. 1 files indexed in 0s.
[Info  - 4:13:02 PM] Indexing started.
[Info  - 4:13:02 PM] Indexing ended. 1 files indexed in 0s.
[Info  - 4:15:01 PM] Indexing started.
[Info  - 4:15:01 PM] Indexing ended. 1 files indexed in 0s.
[Info  - 4:15:31 PM] Indexing started.
[Info  - 4:15:32 PM] Indexing ended. 1 files indexed in 0s.
[Info  - 4:15:48 PM] Indexing started.
[Info  - 4:15:48 PM] Indexing ended. 1 files indexed in 0s.
[Info  - 4:15:57 PM] Indexing started.
[Info  - 4:15:58 PM] Indexing ended. 1 files indexed in 0s.
[Info  - 4:16:03 PM] Indexing started.
[Info  - 4:16:04 PM] Indexing ended. 1 files indexed in 0s.
[Info  - 4:17:44 PM] Indexing started.
[Info  - 4:17:44 PM] Indexing ended. 1 files indexed in 0s.
[Info  - 4:18:01 PM] Indexing started.
[Info  - 4:18:02 PM] Indexing ended. 1 files indexed in 0s.
[Info  - 4:18:12 PM] Indexing started.
[Info  - 4:18:12 PM] Indexing ended. 1 files indexed in 0s.
[Info  - 4:18:29 PM] Indexing started.
[Info  - 4:18:29 PM] Indexing ended. 1 files indexed in 0s.
[Info  - 4:19:04 PM] Indexing started.
[Info  - 4:19:04 PM] Indexing ended. 1 files indexed in 0s.
[Info  - 4:19:16 PM] Indexing started.
[Info  - 4:19:16 PM] Indexing ended. 1 files indexed in 0s.
[Info  - 4:19:44 PM] Indexing started.
[Info  - 4:19:45 PM] Indexing ended. 1 files indexed in 0s.
[Info  - 4:19:52 PM] Indexing started.
[Info  - 4:19:52 PM] Indexing ended. 1 files indexed in 0s.
[Info  - 4:19:59 PM] Indexing started.
[Info  - 4:20:00 PM] Indexing ended. 1 files indexed in 0s.
[Info  - 4:20:12 PM] Indexing started.
[Info  - 4:20:13 PM] Indexing ended. 1 files indexed in 0s.
[Info  - 4:20:31 PM] Indexing started.
[Info  - 4:20:31 PM] Indexing ended. 1 files indexed in 0s.
[Info  - 4:20:36 PM] Indexing started.
[Info  - 4:20:36 PM] Indexing ended. 1 files indexed in 0s.
[Info  - 4:20:41 PM] Indexing started.
[Info  - 4:20:41 PM] Indexing ended. 1 files indexed in 0s.
[Info  - 4:20:59 PM] Indexing started.
[Info  - 4:20:59 PM] Indexing ended. 1 files indexed in 0s.
[Info  - 4:21:10 PM] Indexing started.
[Info  - 4:21:11 PM] Indexing ended. 1 files indexed in 0s.
[Info  - 4:21:17 PM] Indexing started.
[Info  - 4:21:18 PM] Indexing ended. 1 files indexed in 0s.
[Info  - 4:21:22 PM] Indexing started.
[Info  - 4:21:22 PM] Indexing ended. 1 files indexed in 0s.
[Info  - 4:21:33 PM] Indexing started.
[Info  - 4:21:33 PM] Indexing ended. 1 files indexed in 0s.
[Info  - 4:21:35 PM] Indexing started.
[Info  - 4:21:36 PM] Indexing ended. 1 files indexed in 0s.
[Info  - 4:21:45 PM] Indexing started.
[Info  - 4:21:45 PM] Indexing ended. 1 files indexed in 0s.
[Info  - 4:21:52 PM] Indexing started.
[Info  - 4:21:53 PM] Indexing ended. 1 files indexed in 0s.
[Info  - 4:22:16 PM] Indexing started.
[Info  - 4:22:16 PM] Indexing ended. 1 files indexed in 0s.
[Info  - 4:22:21 PM] Indexing started.
[Info  - 4:22:21 PM] Indexing ended. 1 files indexed in 0s.
[Info  - 4:22:31 PM] Indexing started.
[Info  - 4:22:31 PM] Indexing ended. 1 files indexed in 0s.
[Info  - 4:23:03 PM] Indexing started.
[Info  - 4:23:04 PM] Indexing ended. 1 files indexed in 0s.
[Info  - 4:23:18 PM] Indexing started.
[Info  - 4:23:18 PM] Indexing ended. 1 files indexed in 0s.
[Info  - 4:23:28 PM] Indexing started.
[Info  - 4:23:28 PM] Indexing ended. 1 files indexed in 0s.
[Info  - 4:23:33 PM] Indexing started.
[Info  - 4:23:33 PM] Indexing ended. 1 files indexed in 0s.
[Info  - 4:23:49 PM] Indexing started.
[Info  - 4:23:49 PM] Indexing ended. 1 files indexed in 0s.
[Info  - 4:23:54 PM] Indexing started.
[Info  - 4:23:54 PM] Indexing ended. 1 files indexed in 0s.
[Info  - 4:24:20 PM] Indexing started.
[Info  - 4:24:21 PM] Indexing ended. 1 files indexed in 0s.
[Info  - 4:25:05 PM] Indexing started.
[Info  - 4:25:05 PM] Indexing ended. 1 files indexed in 0s.
[Info  - 4:25:36 PM] Indexing started.
[Info  - 4:25:36 PM] Indexing ended. 1 files indexed in 0s.
[Info  - 4:26:31 PM] Indexing started.
[Info  - 4:26:31 PM] Indexing ended. 1 files indexed in 0s.
[Info  - 4:26:45 PM] Indexing started.
[Info  - 4:26:45 PM] Indexing ended. 1 files indexed in 0s.
[Info  - 4:28:17 PM] Indexing started.
[Info  - 4:28:18 PM] Indexing ended. 1 files indexed in 0s.
[Info  - 4:28:24 PM] Indexing started.
[Info  - 4:28:25 PM] Indexing ended. 1 files indexed in 0s.
[Info  - 4:28:25 PM] Indexing started.
[Info  - 4:28:25 PM] Indexing ended. 1 files indexed in 0s.
[Info  - 4:28:44 PM] Indexing started.
[Info  - 4:28:44 PM] Indexing ended. 1 files indexed in 0s.
[Info  - 4:29:05 PM] Indexing started.
[Info  - 4:29:05 PM] Indexing ended. 1 files indexed in 0s.
[Info  - 4:29:10 PM] Indexing started.
[Info  - 4:29:11 PM] Indexing ended. 1 files indexed in 0s.
[Info  - 4:29:16 PM] Indexing started.
[Info  - 4:29:16 PM] Indexing ended. 1 files indexed in 0s.
[Info  - 4:37:26 PM] Indexing started.
[Info  - 4:37:26 PM] Indexing ended. 1 files indexed in 0s.
[Info  - 4:37:34 PM] Indexing started.
[Info  - 4:37:35 PM] Indexing ended. 1 files indexed in 0s.
[Info  - 4:37:39 PM] Indexing started.
[Info  - 4:37:40 PM] Indexing ended. 1 files indexed in 0s.
[Info  - 4:38:10 PM] Indexing started.
[Info  - 4:38:10 PM] Indexing ended. 1 files indexed in 0s.
[Info  - 4:40:25 PM] Indexing started.
[Info  - 4:40:26 PM] Indexing ended. 1 files indexed in 0s.
[Info  - 4:40:47 PM] Indexing started.
[Info  - 4:40:47 PM] Indexing ended. 1 files indexed in 0s.
[Info  - 4:40:59 PM] Indexing started.
[Info  - 4:40:59 PM] Indexing ended. 1 files indexed in 0s.
[Info  - 4:41:10 PM] Indexing started.
[Info  - 4:41:10 PM] Indexing ended. 1 files indexed in 0s.
[Info  - 4:41:18 PM] Indexing started.
[Info  - 4:41:18 PM] Indexing ended. 1 files indexed in 0s.
[Info  - 4:41:37 PM] Indexing started.
[Info  - 4:41:37 PM] Indexing ended. 1 files indexed in 0s.
[Info  - 4:42:10 PM] Indexing started.
[Info  - 4:42:10 PM] Indexing ended. 1 files indexed in 0s.
[Info  - 4:42:46 PM] Indexing started.
[Info  - 4:42:46 PM] Indexing ended. 1 files indexed in 0s.
[Info  - 4:44:24 PM] Indexing started.
[Info  - 4:44:25 PM] Indexing ended. 1 files indexed in 0s.
[Info  - 4:44:41 PM] Indexing started.
[Info  - 4:44:42 PM] Indexing ended. 1 files indexed in 0s.
[Info  - 4:45:09 PM] Indexing started.
[Info  - 4:45:09 PM] Indexing ended. 1 files indexed in 0s.
[Info  - 4:46:25 PM] Indexing started.
[Info  - 4:46:25 PM] Indexing ended. 1 files indexed in 0s.
[Info  - 4:46:33 PM] Indexing started.
[Info  - 4:46:33 PM] Indexing ended. 1 files indexed in 0s.
[Info  - 4:47:47 PM] Indexing started.
[Info  - 4:47:47 PM] Indexing ended. 1 files indexed in 0s.
[Info  - 4:48:00 PM] Indexing started.
[Info  - 4:48:00 PM] Indexing ended. 1 files indexed in 0s.
[Info  - 4:48:08 PM] Indexing started.
[Info  - 4:48:09 PM] Indexing ended. 1 files indexed in 0s.
[Info  - 4:48:16 PM] Indexing started.
[Info  - 4:48:16 PM] Indexing ended. 1 files indexed in 0s.
[Info  - 4:48:50 PM] Indexing started.
[Info  - 4:48:50 PM] Indexing ended. 1 files indexed in 0s.
[Info  - 4:50:21 PM] Indexing started.
[Info  - 4:50:21 PM] Indexing ended. 1 files indexed in 0s.
[Info  - 4:51:03 PM] Indexing started.
[Info  - 4:51:03 PM] Indexing ended. 1 files indexed in 0s.
[Info  - 4:51:23 PM] Indexing started.
[Info  - 4:51:23 PM] Indexing ended. 1 files indexed in 0s.
[Info  - 4:51:29 PM] Indexing started.
[Info  - 4:51:29 PM] Indexing ended. 1 files indexed in 0s.
[Info  - 4:51:30 PM] Indexing started.
[Info  - 4:51:30 PM] Indexing ended. 2 files indexed in 0s.
[Info  - 4:51:47 PM] Indexing started.
[Info  - 4:51:47 PM] Indexing ended. 1 files indexed in 0s.
[Info  - 4:51:57 PM] Indexing started.
[Info  - 4:51:57 PM] Indexing ended. 1 files indexed in 0s.
[Info  - 4:54:27 PM] Indexing started.
[Info  - 4:54:27 PM] Indexing ended. 1 files indexed in 0s.
[Info  - 4:54:36 PM] Indexing started.
[Info  - 4:54:36 PM] Indexing ended. 1 files indexed in 0s.
[Info  - 4:54:46 PM] Indexing started.
[Info  - 4:54:47 PM] Indexing ended. 1 files indexed in 0s.
[Info  - 4:57:29 PM] Indexing started.
[Info  - 4:57:29 PM] Indexing ended. 1 files indexed in 0s.
[Info  - 4:57:31 PM] Indexing started.
[Info  - 4:57:31 PM] Indexing ended. 1 files indexed in 0s.
[Info  - 4:57:40 PM] Indexing started.
[Info  - 4:57:40 PM] Indexing ended. 1 files indexed in 0s.
[Info  - 4:58:10 PM] Indexing started.
[Info  - 4:58:10 PM] Indexing ended. 1 files indexed in 0s.
[Info  - 5:00:54 PM] Indexing started.
[Info  - 5:00:54 PM] Indexing ended. 1 files indexed in 0s.
[Info  - 5:01:39 PM] Indexing started.
[Info  - 5:01:39 PM] Indexing ended. 1 files indexed in 0s.
[Info  - 5:01:45 PM] Indexing started.
[Info  - 5:01:46 PM] Indexing ended. 1 files indexed in 0s.
[Info  - 5:02:41 PM] Indexing started.
[Info  - 5:02:42 PM] Indexing ended. 1 files indexed in 0s.
[Info  - 5:03:00 PM] Indexing started.
[Info  - 5:03:00 PM] Indexing ended. 1 files indexed in 0s.
[Info  - 5:03:43 PM] Indexing started.
[Info  - 5:03:43 PM] Indexing ended. 1 files indexed in 0s.
[Info  - 5:03:55 PM] Indexing started.
[Info  - 5:03:55 PM] Indexing ended. 1 files indexed in 0s.
[Info  - 5:04:23 PM] Indexing started.
[Info  - 5:04:23 PM] Indexing ended. 1 files indexed in 0s.
[Info  - 5:04:38 PM] Indexing started.
[Info  - 5:04:38 PM] Indexing ended. 1 files indexed in 0s.
[Info  - 5:04:49 PM] Indexing started.
[Info  - 5:04:49 PM] Indexing ended. 1 files indexed in 0s.
[Info  - 5:05:10 PM] Indexing started.
[Info  - 5:05:10 PM] Indexing ended. 1 files indexed in 0s.
[Info  - 5:05:53 PM] Indexing started.
[Info  - 5:05:53 PM] Indexing ended. 1 files indexed in 0s.
[Info  - 5:06:59 PM] Indexing started.
[Info  - 5:06:59 PM] Indexing ended. 1 files indexed in 0s.
[Info  - 5:07:46 PM] Indexing started.
[Info  - 5:07:46 PM] Indexing ended. 1 files indexed in 0s.
[Info  - 5:07:49 PM] Indexing started.
[Info  - 5:07:49 PM] Indexing ended. 1 files indexed in 0s.
[Info  - 5:08:12 PM] Indexing started.
[Info  - 5:08:12 PM] Indexing ended. 1 files indexed in 0s.
[Info  - 5:08:50 PM] Indexing started.
[Info  - 5:08:50 PM] Indexing ended. 1 files indexed in 0s.
[Info  - 5:08:51 PM] Indexing started.
[Info  - 5:08:51 PM] Indexing ended. 1 files indexed in 0s.
[Info  - 5:09:18 PM] Indexing started.
[Info  - 5:09:18 PM] Indexing ended. 1 files indexed in 0s.
[Info  - 5:10:21 PM] Indexing started.
[Info  - 5:10:21 PM] Indexing ended. 1 files indexed in 0s.
[Info  - 5:10:38 PM] Indexing started.
[Info  - 5:10:39 PM] Indexing ended. 1 files indexed in 0s.
[Info  - 5:10:40 PM] Indexing started.
[Info  - 5:10:40 PM] Indexing ended. 1 files indexed in 0s.
[Info  - 5:10:49 PM] Indexing started.
[Info  - 5:10:50 PM] Indexing ended. 1 files indexed in 0s.
[Info  - 5:11:39 PM] Indexing started.
[Info  - 5:11:39 PM] Indexing ended. 1 files indexed in 0s.
[Info  - 5:12:02 PM] Indexing started.
[Info  - 5:12:02 PM] Indexing ended. 2 files indexed in 0s.
[Info  - 5:12:04 PM] Indexing started.
[Info  - 5:12:04 PM] Indexing ended. 1 files indexed in 0s.
[Info  - 5:12:32 PM] Indexing started.
[Info  - 5:12:32 PM] Indexing ended. 1 files indexed in 0s.
[Info  - 5:12:43 PM] Indexing started.
[Info  - 5:12:43 PM] Indexing ended. 1 files indexed in 0s.
[Info  - 5:12:47 PM] Indexing started.
[Info  - 5:12:47 PM] Indexing ended. 1 files indexed in 0s.
[Info  - 5:12:59 PM] Indexing started.
[Info  - 5:12:59 PM] Indexing ended. 1 files indexed in 0s.
[Info  - 5:13:28 PM] Indexing started.
[Info  - 5:13:28 PM] Indexing ended. 1 files indexed in 0s.
[Info  - 5:14:04 PM] Indexing started.
[Info  - 5:14:04 PM] Indexing ended. 1 files indexed in 0s.
