[2020-04-16 15:28:06.637] [exthost] [info] extension host started
[2020-04-16 15:28:06.658] [exthost] [info] ExtensionService#_doActivateExtension vscode.debug-auto-launch {"startup":true,"extensionId":{"value":"vscode.debug-auto-launch","_lower":"vscode.debug-auto-launch"},"activationEvent":"*"}
[2020-04-16 15:28:06.658] [exthost] [info] ExtensionService#loadCommonJSModule file:///snap/code/30/usr/share/code/resources/app/extensions/debug-auto-launch/dist/extension
[2020-04-16 15:28:06.662] [exthost] [info] ExtensionService#_doActivateExtension vscode.emmet {"startup":true,"extensionId":{"value":"vscode.emmet","_lower":"vscode.emmet"},"activationEvent":"*"}
[2020-04-16 15:28:06.662] [exthost] [info] ExtensionService#loadCommonJSModule file:///snap/code/30/usr/share/code/resources/app/extensions/emmet/dist/extension
[2020-04-16 15:28:06.686] [exthost] [info] ExtensionService#_doActivateExtension vscode.git {"startup":true,"extensionId":{"value":"vscode.git","_lower":"vscode.git"},"activationEvent":"*"}
[2020-04-16 15:28:06.686] [exthost] [info] ExtensionService#loadCommonJSModule file:///snap/code/30/usr/share/code/resources/app/extensions/git/dist/main
[2020-04-16 15:28:06.732] [exthost] [info] ExtensionService#_doActivateExtension vscode.github-authentication {"startup":true,"extensionId":{"value":"vscode.github-authentication","_lower":"vscode.github-authentication"},"activationEvent":"*"}
[2020-04-16 15:28:06.732] [exthost] [info] ExtensionService#loadCommonJSModule file:///snap/code/30/usr/share/code/resources/app/extensions/github-authentication/dist/extension.js
[2020-04-16 15:28:06.737] [exthost] [info] ExtensionService#_doActivateExtension vscode.merge-conflict {"startup":true,"extensionId":{"value":"vscode.merge-conflict","_lower":"vscode.merge-conflict"},"activationEvent":"*"}
[2020-04-16 15:28:06.737] [exthost] [info] ExtensionService#loadCommonJSModule file:///snap/code/30/usr/share/code/resources/app/extensions/merge-conflict/dist/extension
[2020-04-16 15:28:06.740] [exthost] [info] ExtensionService#_doActivateExtension vscode.search-result {"startup":true,"extensionId":{"value":"vscode.search-result","_lower":"vscode.search-result"},"activationEvent":"*"}
[2020-04-16 15:28:06.740] [exthost] [info] ExtensionService#loadCommonJSModule file:///snap/code/30/usr/share/code/resources/app/extensions/search-result/dist/extension.js
[2020-04-16 15:28:06.742] [exthost] [info] ExtensionService#_doActivateExtension vscode.vscode-account {"startup":true,"extensionId":{"value":"vscode.vscode-account","_lower":"vscode.vscode-account"},"activationEvent":"*"}
[2020-04-16 15:28:06.742] [exthost] [info] ExtensionService#loadCommonJSModule file:///snap/code/30/usr/share/code/resources/app/extensions/vscode-account/dist/extension.js
[2020-04-16 15:28:06.746] [exthost] [info] ExtensionService#_doActivateExtension CoenraadS.bracket-pair-colorizer {"startup":true,"extensionId":{"value":"CoenraadS.bracket-pair-colorizer","_lower":"coenraads.bracket-pair-colorizer"},"activationEvent":"*"}
[2020-04-16 15:28:06.746] [exthost] [info] ExtensionService#loadCommonJSModule file:///home/bang/.vscode/extensions/coenraads.bracket-pair-colorizer-1.0.61/out/src/extension
[2020-04-16 15:28:06.761] [exthost] [info] ExtensionService#_doActivateExtension EditorConfig.EditorConfig {"startup":true,"extensionId":{"value":"EditorConfig.EditorConfig","_lower":"editorconfig.editorconfig"},"activationEvent":"*"}
[2020-04-16 15:28:06.761] [exthost] [info] ExtensionService#loadCommonJSModule file:///home/bang/.vscode/extensions/editorconfig.editorconfig-0.14.5/out/editorConfigMain.js
[2020-04-16 15:28:06.786] [exthost] [info] ExtensionService#_doActivateExtension ms-vsliveshare.vsliveshare {"startup":true,"extensionId":{"value":"ms-vsliveshare.vsliveshare","_lower":"ms-vsliveshare.vsliveshare"},"activationEvent":"*"}
[2020-04-16 15:28:06.786] [exthost] [info] ExtensionService#loadCommonJSModule file:///home/bang/.vscode/extensions/ms-vsliveshare.vsliveshare-1.0.1947/out/prod/extension-prod
[2020-04-16 15:28:06.879] [exthost] [info] ExtensionService#_doActivateExtension PKief.material-icon-theme {"startup":true,"extensionId":{"value":"PKief.material-icon-theme","_lower":"pkief.material-icon-theme"},"activationEvent":"*"}
[2020-04-16 15:28:06.879] [exthost] [info] ExtensionService#loadCommonJSModule file:///home/bang/.vscode/extensions/pkief.material-icon-theme-4.0.1/dist/extension
[2020-04-16 15:28:06.884] [exthost] [info] eager extensions activated
[2020-04-16 15:28:07.896] [exthost] [error] Activating extension ms-vsliveshare.vsliveshare failed due to an error:
[2020-04-16 15:28:07.896] [exthost] [error] Error: Agent terminated with exit code: 0 and signal null: A fatal error occurred. The required library libhostfxr.so could not be found.
If this is a self-contained application, that library should exist in [/home/bang/.vscode/extensions/ms-vsliveshare.vsliveshare-1.0.1947/dotnet_modules/].
If this is a framework-dependent application, install the runtime in the global location [/usr/share/dotnet] or use the DOTNET_ROOT environment variable to specify the runtime location or register the runtime location in [/etc/dotnet/install_location].

The .NET Core runtime can be found at:- https://aka.ms/dotnet-core-applaunch?missing_runtime=true&arch=x64&rid=ubuntu.18.04-x64
	at ChildProcess.<anonymous> (/home/bang/.vscode/extensions/ms-vsliveshare.vsliveshare-1.0.1947/out/prod/extension-prod.js:140138:32)
	at ChildProcess.emit (events.js:208:15)
	at maybeClose (internal/child_process.js:1021:16)
	at Socket.<anonymous> (internal/child_process.js:430:11)
	at Socket.emit (events.js:203:13)
	at Pipe.<anonymous> (net.js:588:12)
[2020-04-16 15:28:24.588] [exthost] [info] extension host started
[2020-04-16 15:28:24.651] [exthost] [info] ExtensionService#_doActivateExtension vscode.debug-auto-launch {"startup":true,"extensionId":{"value":"vscode.debug-auto-launch","_lower":"vscode.debug-auto-launch"},"activationEvent":"*"}
[2020-04-16 15:28:24.651] [exthost] [info] ExtensionService#loadCommonJSModule file:///snap/code/30/usr/share/code/resources/app/extensions/debug-auto-launch/dist/extension
[2020-04-16 15:28:24.657] [exthost] [info] ExtensionService#_doActivateExtension vscode.emmet {"startup":true,"extensionId":{"value":"vscode.emmet","_lower":"vscode.emmet"},"activationEvent":"*"}
[2020-04-16 15:28:24.657] [exthost] [info] ExtensionService#loadCommonJSModule file:///snap/code/30/usr/share/code/resources/app/extensions/emmet/dist/extension
[2020-04-16 15:28:24.682] [exthost] [info] ExtensionService#_doActivateExtension vscode.git {"startup":true,"extensionId":{"value":"vscode.git","_lower":"vscode.git"},"activationEvent":"*"}
[2020-04-16 15:28:24.682] [exthost] [info] ExtensionService#loadCommonJSModule file:///snap/code/30/usr/share/code/resources/app/extensions/git/dist/main
[2020-04-16 15:28:24.731] [exthost] [info] ExtensionService#_doActivateExtension vscode.github-authentication {"startup":true,"extensionId":{"value":"vscode.github-authentication","_lower":"vscode.github-authentication"},"activationEvent":"*"}
[2020-04-16 15:28:24.731] [exthost] [info] ExtensionService#loadCommonJSModule file:///snap/code/30/usr/share/code/resources/app/extensions/github-authentication/dist/extension.js
[2020-04-16 15:28:24.737] [exthost] [info] ExtensionService#_doActivateExtension vscode.merge-conflict {"startup":true,"extensionId":{"value":"vscode.merge-conflict","_lower":"vscode.merge-conflict"},"activationEvent":"*"}
[2020-04-16 15:28:24.737] [exthost] [info] ExtensionService#loadCommonJSModule file:///snap/code/30/usr/share/code/resources/app/extensions/merge-conflict/dist/extension
[2020-04-16 15:28:24.740] [exthost] [info] ExtensionService#_doActivateExtension vscode.search-result {"startup":true,"extensionId":{"value":"vscode.search-result","_lower":"vscode.search-result"},"activationEvent":"*"}
[2020-04-16 15:28:24.741] [exthost] [info] ExtensionService#loadCommonJSModule file:///snap/code/30/usr/share/code/resources/app/extensions/search-result/dist/extension.js
[2020-04-16 15:28:24.742] [exthost] [info] ExtensionService#_doActivateExtension vscode.vscode-account {"startup":true,"extensionId":{"value":"vscode.vscode-account","_lower":"vscode.vscode-account"},"activationEvent":"*"}
[2020-04-16 15:28:24.742] [exthost] [info] ExtensionService#loadCommonJSModule file:///snap/code/30/usr/share/code/resources/app/extensions/vscode-account/dist/extension.js
[2020-04-16 15:28:24.746] [exthost] [info] ExtensionService#_doActivateExtension CoenraadS.bracket-pair-colorizer {"startup":true,"extensionId":{"value":"CoenraadS.bracket-pair-colorizer","_lower":"coenraads.bracket-pair-colorizer"},"activationEvent":"*"}
[2020-04-16 15:28:24.746] [exthost] [info] ExtensionService#loadCommonJSModule file:///home/bang/.vscode/extensions/coenraads.bracket-pair-colorizer-1.0.61/out/src/extension
[2020-04-16 15:28:24.763] [exthost] [info] ExtensionService#_doActivateExtension EditorConfig.EditorConfig {"startup":true,"extensionId":{"value":"EditorConfig.EditorConfig","_lower":"editorconfig.editorconfig"},"activationEvent":"*"}
[2020-04-16 15:28:24.763] [exthost] [info] ExtensionService#loadCommonJSModule file:///home/bang/.vscode/extensions/editorconfig.editorconfig-0.14.5/out/editorConfigMain.js
[2020-04-16 15:28:24.790] [exthost] [info] ExtensionService#_doActivateExtension ms-vsliveshare.vsliveshare {"startup":true,"extensionId":{"value":"ms-vsliveshare.vsliveshare","_lower":"ms-vsliveshare.vsliveshare"},"activationEvent":"*"}
[2020-04-16 15:28:24.790] [exthost] [info] ExtensionService#loadCommonJSModule file:///home/bang/.vscode/extensions/ms-vsliveshare.vsliveshare-1.0.1947/out/prod/extension-prod
[2020-04-16 15:28:24.883] [exthost] [info] ExtensionService#_doActivateExtension PKief.material-icon-theme {"startup":true,"extensionId":{"value":"PKief.material-icon-theme","_lower":"pkief.material-icon-theme"},"activationEvent":"*"}
[2020-04-16 15:28:24.883] [exthost] [info] ExtensionService#loadCommonJSModule file:///home/bang/.vscode/extensions/pkief.material-icon-theme-4.0.1/dist/extension
[2020-04-16 15:28:25.251] [exthost] [info] eager extensions activated
[2020-04-16 15:28:25.487] [exthost] [info] ExtensionService#_doActivateExtension vscode.php-language-features {"startup":false,"extensionId":{"value":"vscode.php-language-features","_lower":"vscode.php-language-features"},"activationEvent":"onLanguage:php"}
[2020-04-16 15:28:25.487] [exthost] [info] ExtensionService#loadCommonJSModule file:///snap/code/30/usr/share/code/resources/app/extensions/php-language-features/dist/phpMain
[2020-04-16 15:28:25.496] [exthost] [info] ExtensionService#_doActivateExtension bmewburn.vscode-intelephense-client {"startup":false,"extensionId":{"value":"bmewburn.vscode-intelephense-client","_lower":"bmewburn.vscode-intelephense-client"},"activationEvent":"onLanguage:php"}
[2020-04-16 15:28:25.496] [exthost] [info] ExtensionService#loadCommonJSModule file:///home/bang/.vscode/extensions/bmewburn.vscode-intelephense-client-1.3.11/lib/extension
[2020-04-16 15:28:25.504] [exthost] [info] ExtensionService#_doActivateExtension codingyu.laravel-goto-view {"startup":false,"extensionId":{"value":"codingyu.laravel-goto-view","_lower":"codingyu.laravel-goto-view"},"activationEvent":"onLanguage:php"}
[2020-04-16 15:28:25.504] [exthost] [info] ExtensionService#loadCommonJSModule file:///home/bang/.vscode/extensions/codingyu.laravel-goto-view-1.3.2/out/src/extension
[2020-04-16 15:28:26.482] [exthost] [error] Activating extension ms-vsliveshare.vsliveshare failed due to an error:
[2020-04-16 15:28:26.482] [exthost] [error] Error: Agent terminated with exit code: 0 and signal null: A fatal error occurred. The required library libhostfxr.so could not be found.
If this is a self-contained application, that library should exist in [/home/bang/.vscode/extensions/ms-vsliveshare.vsliveshare-1.0.1947/dotnet_modules/].
If this is a framework-dependent application, install the runtime in the global location [/usr/share/dotnet] or use the DOTNET_ROOT environment variable to specify the runtime location or register the runtime location in [/etc/dotnet/install_location].

The .NET Core runtime can be found at:- https://aka.ms/dotnet-core-applaunch?missing_runtime=true&arch=x64&rid=ubuntu.18.04-x64
	at ChildProcess.<anonymous> (/home/bang/.vscode/extensions/ms-vsliveshare.vsliveshare-1.0.1947/out/prod/extension-prod.js:140138:32)
	at ChildProcess.emit (events.js:208:15)
	at maybeClose (internal/child_process.js:1021:16)
	at Socket.<anonymous> (internal/child_process.js:430:11)
	at Socket.emit (events.js:203:13)
	at Pipe.<anonymous> (net.js:588:12)
[2020-04-16 15:28:32.440] [exthost] [info] ExtensionService#_doActivateExtension vscode.html-language-features {"startup":false,"extensionId":{"value":"vscode.html-language-features","_lower":"vscode.html-language-features"},"activationEvent":"onLanguage:html"}
[2020-04-16 15:28:32.440] [exthost] [info] ExtensionService#loadCommonJSModule file:///snap/code/30/usr/share/code/resources/app/extensions/html-language-features/client/dist/htmlMain
